<?xml version="1.0" encoding="UTF-8" ?>
<testsuite 
errors="0" failures="0" hostname="BELC02MR2CNFD58.sea.corp.expecn.com" name="org.scalatest.tools.DiscoverySuite" tests="0" time="0.028" timestamp="2015-04-18T09:15:19">
  <properties>
    <property name="java.runtime.name" value="Java(TM) SE Runtime Environment">
    </property>
    <property 
    name="sun.boot.library.path" value="/Library/Java/JavaVirtualMachines/jdk1.8.0_25.jdk/Contents/Home/jre/lib">
</property>
    <property name="java.vm.version" value="25.25-b02"> </property>
    <property name="gopherProxySet" value="false"> </property>
    <property name="java.vm.vendor" value="Oracle Corporation"> </property>
    <property name="java.vendor.url" value="http://java.oracle.com/">
    </property>
    <property name="path.separator" value=":"> </property>
    <property name="java.vm.name" value="Java HotSpot(TM) 64-Bit Server VM">
    </property>
    <property name="file.encoding.pkg" value="sun.io"> </property>
    <property name="user.country" value="US"> </property>
    <property name="sun.java.launcher" value="SUN_STANDARD"> </property>
    <property name="sun.os.patch.level" value="unknown"> </property>
    <property 
    name="java.vm.specification.name" value="Java Virtual Machine Specification">
</property>
    <property name="user.dir" value="/Users/rvishwasrao/MyWebApp"> </property>
    <property name="java.runtime.version" value="1.8.0_25-b17"> </property>
    <property name="java.awt.graphicsenv" value="sun.awt.CGraphicsEnvironment">
    </property>
    <property name="basedir" value="/Users/rvishwasrao/MyWebApp"> </property>
    <property 
    name="java.endorsed.dirs" value="/Library/Java/JavaVirtualMachines/jdk1.8.0_25.jdk/Contents/Home/jre/lib/endorsed">
</property>
    <property name="os.arch" value="x86_64"> </property>
    <property 
    name="java.io.tmpdir" value="/var/folders/jd/dpd43k3103s_g5klsc964z1c5npsmh/T/">
</property>
    <property name="line.separator" value=" "> </property>
    <property name="java.vm.specification.vendor" value="Oracle Corporation">
    </property>
    <property name="os.name" value="Mac OS X"> </property>
    <property name="application.home" value="."> </property>
    <property name="sun.jnu.encoding" value="UTF-8"> </property>
    <property 
    name="java.library.path" value="/Users/rvishwasrao/Library/Java/Extensions:/Library/Java/Extensions:/Network/Library/Java/Extensions:/System/Library/Java/Extensions:/usr/lib/java:.">
</property>
    <property name="application.environment" value="dev"> </property>
    <property name="application.name" value="MyWebApp Maven Webapp">
    </property>
    <property 
    name="java.specification.name" value="Java Platform API Specification">
</property>
    <property name="java.class.version" value="52.0"> </property>
    <property 
    name="sun.management.compiler" value="HotSpot 64-Bit Tiered Compilers">
</property>
    <property name="os.version" value="10.9.5"> </property>
    <property name="user.home" value="/Users/rvishwasrao"> </property>
    <property name="user.timezone" value="US/Pacific"> </property>
    <property name="java.awt.printerjob" value="sun.lwawt.macosx.CPrinterJob">
    </property>
    <property name="java.specification.version" value="1.8"> </property>
    <property name="file.encoding" value="UTF-8"> </property>
    <property name="user.name" value="rvishwasrao"> </property>
    <property 
    name="java.class.path" value="/Users/rvishwasrao/MyWebApp/target/test-classes:/Users/rvishwasrao/MyWebApp/target/classes:/Users/rvishwasrao/.m2/repository/junit/junit/3.8.1/junit-3.8.1.jar:/Users/rvishwasrao/.m2/repository/org/springframework/spring-core/3.2.3.RELEASE/spring-core-3.2.3.RELEASE.jar:/Users/rvishwasrao/.m2/repository/commons-logging/commons-logging/1.1.3/commons-logging-1.1.3.jar:/Users/rvishwasrao/.m2/repository/org/springframework/spring-context/3.2.3.RELEASE/spring-context-3.2.3.RELEASE.jar:/Users/rvishwasrao/.m2/repository/org/springframework/spring-aop/3.2.3.RELEASE/spring-aop-3.2.3.RELEASE.jar:/Users/rvishwasrao/.m2/repository/org/springframework/spring-expression/3.2.3.RELEASE/spring-expression-3.2.3.RELEASE.jar:/Users/rvishwasrao/.m2/repository/org/springframework/spring-beans/3.2.3.RELEASE/spring-beans-3.2.3.RELEASE.jar:/Users/rvishwasrao/.m2/repository/org/springframework/spring-web/3.2.3.RELEASE/spring-web-3.2.3.RELEASE.jar:/Users/rvishwasrao/.m2/repository/aopalliance/aopalliance/1.0/aopalliance-1.0.jar:/Users/rvishwasrao/.m2/repository/org/springframework/spring-webmvc/3.2.3.RELEASE/spring-webmvc-3.2.3.RELEASE.jar:/Users/rvishwasrao/.m2/repository/org/slf4j/slf4j-api/1.7.7/slf4j-api-1.7.7.jar:/Users/rvishwasrao/.m2/repository/org/slf4j/slf4j-log4j12/1.7.7/slf4j-log4j12-1.7.7.jar:/Users/rvishwasrao/.m2/repository/log4j/log4j/1.2.17/log4j-1.2.17.jar:/Users/rvishwasrao/.m2/repository/javax/servlet/javax.servlet-api/3.0.1/javax.servlet-api-3.0.1.jar:/Users/rvishwasrao/.m2/repository/javax/servlet/jsp/jstl/jstl-api/1.2/jstl-api-1.2.jar:/Users/rvishwasrao/.m2/repository/javax/servlet/servlet-api/2.5/servlet-api-2.5.jar:/Users/rvishwasrao/.m2/repository/javax/servlet/jsp/jsp-api/2.1/jsp-api-2.1.jar:/Users/rvishwasrao/.m2/repository/org/glassfish/web/jstl-impl/1.2/jstl-impl-1.2.jar:/Users/rvishwasrao/.m2/repository/org/easymock/easymock/3.2/easymock-3.2.jar:/Users/rvishwasrao/.m2/repository/cglib/cglib-nodep/2.2.2/cglib-nodep-2.2.2.jar:/Users/rvishwasrao/.m2/repository/org/objenesis/objenesis/1.3/objenesis-1.3.jar:/Users/rvishwasrao/.m2/repository/org/scala-lang/scala-library/2.10.4/scala-library-2.10.4.jar:/Users/rvishwasrao/.m2/repository/org/scala-lang/scala-reflect/2.10.4/scala-reflect-2.10.4.jar:/Users/rvishwasrao/.m2/repository/org/scalatest/scalatest_2.10/2.2.2/scalatest_2.10-2.2.2.jar:/Users/rvishwasrao/.m2/repository/org/pegdown/pegdown/1.4.2/pegdown-1.4.2.jar:/Users/rvishwasrao/.m2/repository/org/parboiled/parboiled-java/1.1.6/parboiled-java-1.1.6.jar:/Users/rvishwasrao/.m2/repository/org/parboiled/parboiled-core/1.1.6/parboiled-core-1.1.6.jar:/Users/rvishwasrao/.m2/repository/org/ow2/asm/asm/4.1/asm-4.1.jar:/Users/rvishwasrao/.m2/repository/org/ow2/asm/asm-tree/4.1/asm-tree-4.1.jar:/Users/rvishwasrao/.m2/repository/org/ow2/asm/asm-analysis/4.1/asm-analysis-4.1.jar:/Users/rvishwasrao/.m2/repository/org/ow2/asm/asm-util/4.1/asm-util-4.1.jar:/Users/rvishwasrao/.m2/repository/org/testng/testng/6.8/testng-6.8.jar:/Users/rvishwasrao/.m2/repository/org/beanshell/bsh/2.0b4/bsh-2.0b4.jar:/Users/rvishwasrao/.m2/repository/com/beust/jcommander/1.27/jcommander-1.27.jar:/Users/rvishwasrao/.m2/repository/org/yaml/snakeyaml/1.6/snakeyaml-1.6.jar:/Users/rvishwasrao/.m2/repository/org/apache/maven/maven-artifact/2.0.6/maven-artifact-2.0.6.jar:/Users/rvishwasrao/.m2/repository/org/codehaus/plexus/plexus-utils/1.4.1/plexus-utils-1.4.1.jar:/Users/rvishwasrao/.m2/repository/org/jacoco/org.jacoco.agent/0.7.0.201403182114/org.jacoco.agent-0.7.0.201403182114-runtime.jar">
</property>
    <property name="java.vm.specification.version" value="1.8"> </property>
    <property name="sun.arch.data.model" value="64"> </property>
    <property 
    name="java.home" value="/Library/Java/JavaVirtualMachines/jdk1.8.0_25.jdk/Contents/Home/jre">
</property>
    <property 
    name="sun.java.command" value="org.scalatest.tools.Runner -R /Users/rvishwasrao/MyWebApp/target/classes /Users/rvishwasrao/MyWebApp/target/test-classes -o -fWDF /Users/rvishwasrao/MyWebApp/target/surefire-reports/TestSuite.txt -h /Users/rvishwasrao/MyWebApp/target/scalatest/html -u /Users/rvishwasrao/MyWebApp/target/surefire-reports/.">
</property>
    <property name="java.specification.vendor" value="Oracle Corporation">
    </property>
    <property name="user.language" value="en"> </property>
    <property name="awt.toolkit" value="sun.lwawt.macosx.LWCToolkit">
    </property>
    <property name="java.vm.info" value="mixed mode"> </property>
    <property name="java.version" value="1.8.0_25"> </property>
    <property 
    name="java.ext.dirs" value="/Users/rvishwasrao/Library/Java/Extensions:/Library/Java/JavaVirtualMachines/jdk1.8.0_25.jdk/Contents/Home/jre/lib/ext:/Library/Java/Extensions:/Network/Library/Java/Extensions:/System/Library/Java/Extensions:/usr/lib/java">
</property>
    <property 
    name="sun.boot.class.path" value="/Library/Java/JavaVirtualMachines/jdk1.8.0_25.jdk/Contents/Home/jre/lib/resources.jar:/Library/Java/JavaVirtualMachines/jdk1.8.0_25.jdk/Contents/Home/jre/lib/rt.jar:/Library/Java/JavaVirtualMachines/jdk1.8.0_25.jdk/Contents/Home/jre/lib/sunrsasign.jar:/Library/Java/JavaVirtualMachines/jdk1.8.0_25.jdk/Contents/Home/jre/lib/jsse.jar:/Library/Java/JavaVirtualMachines/jdk1.8.0_25.jdk/Contents/Home/jre/lib/jce.jar:/Library/Java/JavaVirtualMachines/jdk1.8.0_25.jdk/Contents/Home/jre/lib/charsets.jar:/Library/Java/JavaVirtualMachines/jdk1.8.0_25.jdk/Contents/Home/jre/lib/jfr.jar:/Library/Java/JavaVirtualMachines/jdk1.8.0_25.jdk/Contents/Home/jre/classes">
</property>
    <property name="java.vendor" value="Oracle Corporation"> </property>
    <property name="file.separator" value="/"> </property>
    <property 
    name="java.vendor.url.bug" value="http://bugreport.sun.com/bugreport/">
</property>
    <property name="sun.cpu.endian" value="little"> </property>
    <property name="sun.io.unicode.encoding" value="UnicodeBig"> </property>
    <property name="sun.cpu.isalist" value=""> </property>
  </properties>
  <system-out><![CDATA[]]></system-out>
  <system-err><![CDATA[]]></system-err>
</testsuite>
